TN:
SF:D:\Workarea\tangle-frost\iota-qr-render\src\index.ts
FNF:0
FNH:0
LF:0
LH:0
BRF:0
BRH:0
end_of_record
TN:
SF:D:\Workarea\tangle-frost\iota-qr-render\src\initRender.ts
FN:11,initRender
FN:12,(anonymous_1)
FN:13,(anonymous_2)
FN:14,(anonymous_3)
FN:15,(anonymous_4)
FN:16,(anonymous_5)
FNF:6
FNH:0
FNDA:0,initRender
FNDA:0,(anonymous_1)
FNDA:0,(anonymous_2)
FNDA:0,(anonymous_3)
FNDA:0,(anonymous_4)
FNDA:0,(anonymous_5)
DA:12,0
DA:13,0
DA:14,0
DA:15,0
DA:16,0
LF:5
LH:0
BRF:0
BRH:0
end_of_record
TN:
SF:D:\Workarea\tangle-frost\iota-qr-render\src\images\jpegEncoder.ts
FN:124,(anonymous_0)
FN:156,(anonymous_1)
FN:252,(anonymous_2)
FN:268,(anonymous_3)
FN:323,(anonymous_4)
FN:341,(anonymous_5)
FN:349,(anonymous_6)
FN:373,(anonymous_7)
FN:387,(anonymous_8)
FN:410,(anonymous_9)
FN:415,(anonymous_10)
FN:421,(anonymous_11)
FN:558,(anonymous_12)
FN:576,(anonymous_13)
FN:595,(anonymous_14)
FN:609,(anonymous_15)
FN:647,(anonymous_16)
FN:663,(anonymous_17)
FNF:18
FNH:18
FNDA:1,(anonymous_0)
FNDA:1,(anonymous_1)
FNDA:1,(anonymous_2)
FNDA:1,(anonymous_3)
FNDA:4,(anonymous_4)
FNDA:1,(anonymous_5)
FNDA:1,(anonymous_6)
FNDA:1,(anonymous_7)
FNDA:52094,(anonymous_8)
FNDA:25024,(anonymous_9)
FNDA:16,(anonymous_10)
FNDA:2523,(anonymous_11)
FNDA:1,(anonymous_12)
FNDA:1,(anonymous_13)
FNDA:1,(anonymous_14)
FNDA:1,(anonymous_15)
FNDA:1,(anonymous_16)
FNDA:2523,(anonymous_17)
DA:5,1
DA:7,1
DA:9,1
DA:11,1
DA:13,1
DA:38,1
DA:40,1
DA:42,1
DA:44,1
DA:69,1
DA:125,1
DA:126,1
DA:127,1
DA:128,1
DA:130,1
DA:131,1
DA:132,1
DA:133,1
DA:134,1
DA:135,1
DA:136,1
DA:138,1
DA:139,1
DA:140,1
DA:141,1
DA:143,1
DA:144,1
DA:145,1
DA:157,1
DA:160,1
DA:161,1
DA:162,1
DA:165,1
DA:166,1
DA:167,1
DA:168,1
DA:169,1
DA:170,1
DA:173,1
DA:174,1
DA:175,1
DA:177,1
DA:178,1
DA:180,1
DA:183,1
DA:192,1
DA:193,29
DA:194,29
DA:195,841
DA:196,841
DA:197,841
DA:198,841
DA:200,841
DA:201,53824
DA:202,53824
DA:203,53824
DA:205,53824
DA:206,1624
DA:209,53824
DA:210,1624
DA:213,53824
DA:214,53824
DA:215,53824
DA:224,53824
DA:225,53824
DA:226,53824
DA:230,841
DA:231,841
DA:232,841
DA:233,841
DA:235,29
DA:239,1
DA:240,1
DA:241,1
DA:242,1
DA:243,1
DA:246,1
DA:248,1
DA:253,1
DA:254,0
DA:257,1
DA:258,1
DA:259,0
DA:261,1
DA:264,1
DA:269,1
DA:280,1
DA:281,64
DA:282,64
DA:283,0
DA:284,64
DA:285,0
DA:287,64
DA:289,1
DA:299,1
DA:300,64
DA:301,64
DA:302,0
DA:303,64
DA:304,0
DA:306,64
DA:308,1
DA:312,1
DA:313,1
DA:314,8
DA:315,64
DA:316,64
DA:317,64
DA:324,4
DA:325,4
DA:326,4
DA:327,4
DA:328,64
DA:329,348
DA:330,348
DA:331,348
DA:332,348
DA:333,348
DA:335,64
DA:337,4
DA:342,1
DA:343,1
DA:344,1
DA:345,1
DA:350,1
DA:351,1
DA:352,1
DA:354,15
DA:355,32767
DA:356,32767
DA:357,32767
DA:358,32767
DA:361,15
DA:362,32767
DA:363,32767
DA:364,32767
DA:365,32767
DA:367,15
DA:368,15
DA:374,1
DA:375,256
DA:376,256
DA:377,256
DA:378,256
DA:379,256
DA:380,256
DA:381,256
DA:382,256
DA:388,52094
DA:389,52094
DA:390,52094
DA:391,191816
DA:392,103235
DA:394,191816
DA:395,191816
DA:396,191816
DA:397,23977
DA:398,438
DA:399,438
DA:401,23539
DA:403,23977
DA:404,23977
DA:411,25024
DA:416,16
DA:417,16
DA:431,2523
DA:433,2523
DA:434,2523
DA:435,2523
DA:436,20184
DA:437,20184
DA:438,20184
DA:439,20184
DA:440,20184
DA:441,20184
DA:442,20184
DA:443,20184
DA:445,20184
DA:446,20184
DA:447,20184
DA:448,20184
DA:449,20184
DA:450,20184
DA:451,20184
DA:452,20184
DA:455,20184
DA:456,20184
DA:457,20184
DA:458,20184
DA:460,20184
DA:461,20184
DA:463,20184
DA:464,20184
DA:465,20184
DA:468,20184
DA:469,20184
DA:470,20184
DA:473,20184
DA:474,20184
DA:475,20184
DA:476,20184
DA:478,20184
DA:479,20184
DA:481,20184
DA:482,20184
DA:483,20184
DA:484,20184
DA:486,20184
DA:490,2523
DA:491,2523
DA:492,20184
DA:493,20184
DA:494,20184
DA:495,20184
DA:496,20184
DA:497,20184
DA:498,20184
DA:499,20184
DA:501,20184
DA:502,20184
DA:503,20184
DA:504,20184
DA:505,20184
DA:506,20184
DA:507,20184
DA:508,20184
DA:511,20184
DA:512,20184
DA:513,20184
DA:514,20184
DA:516,20184
DA:517,20184
DA:519,20184
DA:520,20184
DA:521,20184
DA:524,20184
DA:525,20184
DA:526,20184
DA:529,20184
DA:530,20184
DA:531,20184
DA:532,20184
DA:534,20184
DA:535,20184
DA:537,20184
DA:538,20184
DA:539,20184
DA:540,20184
DA:542,20184
DA:547,2523
DA:549,161472
DA:550,161472
DA:554,2523
DA:559,1
DA:560,1
DA:561,1
DA:562,1
DA:563,1
DA:564,1
DA:565,1
DA:566,1
DA:567,1
DA:568,1
DA:569,1
DA:570,1
DA:571,1
DA:572,1
DA:577,1
DA:578,1
DA:579,1
DA:580,1
DA:581,1
DA:582,1
DA:583,1
DA:584,1
DA:585,1
DA:586,1
DA:587,1
DA:588,1
DA:589,1
DA:590,1
DA:591,1
DA:596,1
DA:597,1
DA:598,1
DA:599,1
DA:600,64
DA:602,1
DA:603,1
DA:604,64
DA:610,1
DA:611,1
DA:613,1
DA:614,1
DA:615,16
DA:617,1
DA:618,12
DA:621,1
DA:622,1
DA:623,16
DA:625,1
DA:626,162
DA:629,1
DA:630,1
DA:631,16
DA:633,1
DA:634,12
DA:637,1
DA:638,1
DA:639,16
DA:641,1
DA:642,162
DA:648,1
DA:649,1
DA:650,1
DA:651,1
DA:652,1
DA:653,1
DA:654,1
DA:655,1
DA:656,1
DA:657,1
DA:658,1
DA:659,1
DA:664,2523
DA:665,2523
DA:666,2523
DA:668,2523
DA:669,2523
DA:670,2523
DA:671,2523
DA:673,2523
DA:674,161472
DA:676,2523
DA:677,2523
DA:679,2523
DA:680,1866
DA:682,657
DA:683,657
DA:684,657
DA:687,2523
DA:688,2523
DA:690,2523
DA:691,1862
DA:692,1862
DA:694,661
DA:696,661
DA:697,23248
DA:698,23248
DA:699,23248
DA:700,23248
DA:701,0
DA:702,0
DA:703,0
DA:705,0
DA:707,23248
DA:708,23248
DA:709,23248
DA:710,23248
DA:712,661
DA:713,555
DA:715,661
LF:362
LH:352
BRDA:205,0,0,1624
BRDA:205,0,1,52200
BRDA:209,1,0,1624
BRDA:209,1,1,52200
BRDA:239,2,0,1
BRDA:239,2,1,0
BRDA:253,3,0,0
BRDA:253,3,1,1
BRDA:253,4,0,1
BRDA:253,4,1,1
BRDA:258,5,0,0
BRDA:258,5,1,1
BRDA:282,6,0,0
BRDA:282,6,1,64
BRDA:284,7,0,0
BRDA:284,7,1,64
BRDA:301,8,0,0
BRDA:301,8,1,64
BRDA:303,9,0,0
BRDA:303,9,1,64
BRDA:391,10,0,103235
BRDA:391,10,1,88581
BRDA:396,11,0,23977
BRDA:396,11,1,167839
BRDA:397,12,0,438
BRDA:397,12,1,23539
BRDA:550,13,0,15621
BRDA:550,13,1,145851
BRDA:679,14,0,1866
BRDA:679,14,1,657
BRDA:688,15,0,125736
BRDA:688,15,1,123874
BRDA:690,16,0,1862
BRDA:690,16,1,661
BRDA:698,17,0,35736
BRDA:698,17,1,12488
BRDA:700,18,0,0
BRDA:700,18,1,23248
BRDA:712,19,0,555
BRDA:712,19,1,106
BRF:40
BRH:32
end_of_record
TN:
SF:D:\Workarea\tangle-frost\iota-qr-render\src\models\IQRRenderer.ts
FNF:0
FNH:0
LF:0
LH:0
BRF:0
BRH:0
end_of_record
TN:
SF:D:\Workarea\tangle-frost\iota-qr-render\src\renderTypes\jpegRenderer.ts
FN:19,(anonymous_0)
FN:32,(anonymous_1)
FNF:2
FNH:2
FNDA:2,(anonymous_0)
FNDA:1,(anonymous_1)
DA:1,1
DA:2,1
DA:4,1
DA:11,1
DA:20,2
DA:21,2
DA:22,2
DA:33,1
DA:34,0
DA:37,1
DA:38,0
DA:41,1
DA:42,0
DA:45,1
DA:47,1
DA:48,1
DA:49,50625
DA:50,50625
DA:51,50625
DA:52,50625
DA:55,1
DA:56,1
DA:57,41
DA:58,41
DA:60,41
DA:61,410
DA:62,410
DA:63,410
DA:64,410
DA:67,41
DA:68,1681
DA:69,1681
DA:70,8405
DA:71,8405
DA:72,8405
DA:73,8405
DA:77,41
DA:78,410
DA:79,410
DA:80,410
DA:81,410
DA:84,41
DA:85,205
DA:86,205
DA:90,1
LF:45
LH:42
BRDA:20,0,0,2
BRDA:20,0,1,2
BRDA:21,1,0,2
BRDA:21,1,1,2
BRDA:22,2,0,2
BRDA:22,2,1,2
BRDA:32,3,0,1
BRDA:32,4,0,1
BRDA:33,5,0,0
BRDA:33,5,1,1
BRDA:37,6,0,0
BRDA:37,6,1,1
BRDA:37,7,0,1
BRDA:37,7,1,1
BRDA:41,8,0,0
BRDA:41,8,1,1
BRDA:41,9,0,1
BRDA:41,9,1,1
BRDA:68,10,0,807
BRDA:68,10,1,874
BRF:20
BRH:17
end_of_record
TN:
SF:D:\Workarea\tangle-frost\iota-qr-render\src\renderTypes\pngRenderer.ts
FN:19,(anonymous_1)
FN:32,(anonymous_2)
FNF:2
FNH:2
FNDA:2,(anonymous_1)
FNDA:1,(anonymous_2)
DA:1,1
DA:2,1
DA:4,1
DA:11,1
DA:20,2
DA:21,2
DA:22,2
DA:33,1
DA:34,0
DA:37,1
DA:38,0
DA:41,1
DA:42,0
DA:45,1
DA:47,1
DA:48,1
DA:50,1
DA:51,1
DA:52,41
DA:53,41
DA:54,41
DA:55,1681
DA:56,807
DA:57,4035
DA:61,41
DA:62,205
DA:63,205
DA:67,1
LF:28
LH:25
BRDA:20,0,0,2
BRDA:20,0,1,2
BRDA:21,1,0,2
BRDA:21,1,1,2
BRDA:22,2,0,2
BRDA:22,2,1,2
BRDA:32,3,0,1
BRDA:32,4,0,1
BRDA:33,5,0,0
BRDA:33,5,1,1
BRDA:37,6,0,0
BRDA:37,6,1,1
BRDA:37,7,0,1
BRDA:37,7,1,1
BRDA:41,8,0,0
BRDA:41,8,1,1
BRDA:41,9,0,1
BRDA:41,9,1,1
BRDA:55,10,0,807
BRDA:55,10,1,874
BRF:20
BRH:17
end_of_record
TN:
SF:D:\Workarea\tangle-frost\iota-qr-render\src\renderTypes\svgRenderer.ts
FN:18,(anonymous_0)
FN:31,(anonymous_1)
FNF:2
FNH:2
FNDA:2,(anonymous_0)
FNDA:1,(anonymous_1)
DA:1,1
DA:2,1
DA:10,1
DA:19,2
DA:20,2
DA:21,2
DA:32,1
DA:33,0
DA:36,1
DA:37,0
DA:40,1
DA:41,0
DA:44,1
DA:46,1
DA:47,1
DA:48,1
DA:49,41
DA:50,1681
DA:51,807
DA:55,1
DA:56,1
LF:21
LH:18
BRDA:19,0,0,2
BRDA:19,0,1,2
BRDA:20,1,0,2
BRDA:20,1,1,2
BRDA:21,2,0,2
BRDA:21,2,1,2
BRDA:31,3,0,1
BRDA:31,4,0,1
BRDA:32,5,0,0
BRDA:32,5,1,1
BRDA:36,6,0,0
BRDA:36,6,1,1
BRDA:36,7,0,1
BRDA:36,7,1,1
BRDA:40,8,0,0
BRDA:40,8,1,1
BRDA:40,9,0,1
BRDA:40,9,1,1
BRDA:50,10,0,807
BRDA:50,10,1,874
BRF:20
BRH:17
end_of_record
TN:
SF:D:\Workarea\tangle-frost\iota-qr-render\src\renderTypes\textRenderer.ts
FN:18,(anonymous_0)
FN:31,(anonymous_1)
FNF:2
FNH:2
FNDA:2,(anonymous_0)
FNDA:1,(anonymous_1)
DA:1,1
DA:2,1
DA:10,1
DA:19,2
DA:20,2
DA:21,2
DA:32,1
DA:33,0
DA:36,1
DA:37,0
DA:40,1
DA:41,0
DA:44,1
DA:45,1
DA:46,2
DA:48,1
DA:49,41
DA:50,41
DA:51,1681
DA:52,807
DA:54,874
DA:57,41
DA:58,41
DA:60,41
DA:61,41
DA:64,1
DA:65,2
DA:67,1
LF:28
LH:25
BRDA:19,0,0,2
BRDA:19,0,1,2
BRDA:20,1,0,2
BRDA:20,1,1,2
BRDA:21,2,0,2
BRDA:21,2,1,2
BRDA:31,3,0,1
BRDA:31,4,0,1
BRDA:32,5,0,0
BRDA:32,5,1,1
BRDA:36,6,0,0
BRDA:36,6,1,1
BRDA:36,7,0,1
BRDA:36,7,1,1
BRDA:40,8,0,0
BRDA:40,8,1,1
BRDA:40,9,0,1
BRDA:40,9,1,1
BRDA:51,10,0,807
BRDA:51,10,1,874
BRF:20
BRH:17
end_of_record
