TN:
SF:D:\Workarea\tangle-frost\iota-qr-render\src\index.ts
FNF:0
FNH:0
LF:0
LH:0
BRF:0
BRH:0
end_of_record
TN:
SF:D:\Workarea\tangle-frost\iota-qr-render\src\initRender.ts
FN:11,initRender
FN:12,(anonymous_1)
FN:13,(anonymous_2)
FN:14,(anonymous_3)
FN:15,(anonymous_4)
FN:16,(anonymous_5)
FNF:6
FNH:0
FNDA:0,initRender
FNDA:0,(anonymous_1)
FNDA:0,(anonymous_2)
FNDA:0,(anonymous_3)
FNDA:0,(anonymous_4)
FNDA:0,(anonymous_5)
DA:12,0
DA:13,0
DA:14,0
DA:15,0
DA:16,0
LF:5
LH:0
BRF:0
BRH:0
end_of_record
TN:
SF:D:\Workarea\tangle-frost\iota-qr-render\src\helpers\imageHelper.ts
FN:13,(anonymous_0)
FNF:1
FNH:0
FNDA:0,(anonymous_0)
DA:1,1
DA:2,1
DA:6,1
DA:14,0
DA:15,0
DA:20,0
DA:21,0
DA:22,0
DA:24,0
DA:27,0
LF:10
LH:3
BRDA:14,0,0,0
BRDA:14,0,1,0
BRDA:20,1,0,0
BRDA:20,1,1,0
BRDA:20,2,0,0
BRDA:20,2,1,0
BRF:6
BRH:0
end_of_record
TN:
SF:D:\Workarea\tangle-frost\iota-qr-render\src\images\jpegEncoder.ts
FN:124,(anonymous_0)
FN:156,(anonymous_1)
FN:252,(anonymous_2)
FN:268,(anonymous_3)
FN:323,(anonymous_4)
FN:341,(anonymous_5)
FN:349,(anonymous_6)
FN:373,(anonymous_7)
FN:387,(anonymous_8)
FN:410,(anonymous_9)
FN:415,(anonymous_10)
FN:421,(anonymous_11)
FN:558,(anonymous_12)
FN:576,(anonymous_13)
FN:595,(anonymous_14)
FN:609,(anonymous_15)
FN:647,(anonymous_16)
FN:663,(anonymous_17)
FNF:18
FNH:18
FNDA:1,(anonymous_0)
FNDA:1,(anonymous_1)
FNDA:1,(anonymous_2)
FNDA:1,(anonymous_3)
FNDA:4,(anonymous_4)
FNDA:1,(anonymous_5)
FNDA:1,(anonymous_6)
FNDA:1,(anonymous_7)
FNDA:85723,(anonymous_8)
FNDA:35435,(anonymous_9)
FNDA:16,(anonymous_10)
FNDA:2523,(anonymous_11)
FNDA:1,(anonymous_12)
FNDA:1,(anonymous_13)
FNDA:1,(anonymous_14)
FNDA:1,(anonymous_15)
FNDA:1,(anonymous_16)
FNDA:2523,(anonymous_17)
DA:5,1
DA:7,1
DA:9,1
DA:11,1
DA:13,1
DA:38,1
DA:40,1
DA:42,1
DA:44,1
DA:69,1
DA:125,1
DA:126,1
DA:127,1
DA:128,1
DA:130,1
DA:131,1
DA:132,1
DA:133,1
DA:134,1
DA:135,1
DA:136,1
DA:138,1
DA:139,1
DA:140,1
DA:141,1
DA:143,1
DA:144,1
DA:145,1
DA:157,1
DA:160,1
DA:161,1
DA:162,1
DA:165,1
DA:166,1
DA:167,1
DA:168,1
DA:169,1
DA:170,1
DA:173,1
DA:174,1
DA:175,1
DA:177,1
DA:178,1
DA:180,1
DA:183,1
DA:192,1
DA:193,29
DA:194,29
DA:195,841
DA:196,841
DA:197,841
DA:198,841
DA:200,841
DA:201,53824
DA:202,53824
DA:203,53824
DA:205,53824
DA:206,1624
DA:209,53824
DA:210,1624
DA:213,53824
DA:214,53824
DA:215,53824
DA:224,53824
DA:225,53824
DA:226,53824
DA:230,841
DA:231,841
DA:232,841
DA:233,841
DA:235,29
DA:239,1
DA:240,1
DA:241,1
DA:242,1
DA:243,1
DA:246,1
DA:248,1
DA:253,1
DA:254,0
DA:257,1
DA:258,1
DA:259,0
DA:261,1
DA:264,1
DA:269,1
DA:280,1
DA:281,64
DA:282,64
DA:283,0
DA:284,64
DA:285,0
DA:287,64
DA:289,1
DA:299,1
DA:300,64
DA:301,64
DA:302,0
DA:303,64
DA:304,0
DA:306,64
DA:308,1
DA:312,1
DA:313,1
DA:314,8
DA:315,64
DA:316,64
DA:317,64
DA:324,4
DA:325,4
DA:326,4
DA:327,4
DA:328,64
DA:329,348
DA:330,348
DA:331,348
DA:332,348
DA:333,348
DA:335,64
DA:337,4
DA:342,1
DA:343,1
DA:344,1
DA:345,1
DA:350,1
DA:351,1
DA:352,1
DA:354,15
DA:355,32767
DA:356,32767
DA:357,32767
DA:358,32767
DA:361,15
DA:362,32767
DA:363,32767
DA:364,32767
DA:365,32767
DA:367,15
DA:368,15
DA:374,1
DA:375,256
DA:376,256
DA:377,256
DA:378,256
DA:379,256
DA:380,256
DA:381,256
DA:382,256
DA:388,85723
DA:389,85723
DA:390,85723
DA:391,275312
DA:392,152858
DA:394,275312
DA:395,275312
DA:396,275312
DA:397,34414
DA:398,412
DA:399,412
DA:401,34002
DA:403,34414
DA:404,34414
DA:411,35435
DA:416,16
DA:417,16
DA:431,2523
DA:433,2523
DA:434,2523
DA:435,2523
DA:436,20184
DA:437,20184
DA:438,20184
DA:439,20184
DA:440,20184
DA:441,20184
DA:442,20184
DA:443,20184
DA:445,20184
DA:446,20184
DA:447,20184
DA:448,20184
DA:449,20184
DA:450,20184
DA:451,20184
DA:452,20184
DA:455,20184
DA:456,20184
DA:457,20184
DA:458,20184
DA:460,20184
DA:461,20184
DA:463,20184
DA:464,20184
DA:465,20184
DA:468,20184
DA:469,20184
DA:470,20184
DA:473,20184
DA:474,20184
DA:475,20184
DA:476,20184
DA:478,20184
DA:479,20184
DA:481,20184
DA:482,20184
DA:483,20184
DA:484,20184
DA:486,20184
DA:490,2523
DA:491,2523
DA:492,20184
DA:493,20184
DA:494,20184
DA:495,20184
DA:496,20184
DA:497,20184
DA:498,20184
DA:499,20184
DA:501,20184
DA:502,20184
DA:503,20184
DA:504,20184
DA:505,20184
DA:506,20184
DA:507,20184
DA:508,20184
DA:511,20184
DA:512,20184
DA:513,20184
DA:514,20184
DA:516,20184
DA:517,20184
DA:519,20184
DA:520,20184
DA:521,20184
DA:524,20184
DA:525,20184
DA:526,20184
DA:529,20184
DA:530,20184
DA:531,20184
DA:532,20184
DA:534,20184
DA:535,20184
DA:537,20184
DA:538,20184
DA:539,20184
DA:540,20184
DA:542,20184
DA:547,2523
DA:549,161472
DA:550,161472
DA:554,2523
DA:559,1
DA:560,1
DA:561,1
DA:562,1
DA:563,1
DA:564,1
DA:565,1
DA:566,1
DA:567,1
DA:568,1
DA:569,1
DA:570,1
DA:571,1
DA:572,1
DA:577,1
DA:578,1
DA:579,1
DA:580,1
DA:581,1
DA:582,1
DA:583,1
DA:584,1
DA:585,1
DA:586,1
DA:587,1
DA:588,1
DA:589,1
DA:590,1
DA:591,1
DA:596,1
DA:597,1
DA:598,1
DA:599,1
DA:600,64
DA:602,1
DA:603,1
DA:604,64
DA:610,1
DA:611,1
DA:613,1
DA:614,1
DA:615,16
DA:617,1
DA:618,12
DA:621,1
DA:622,1
DA:623,16
DA:625,1
DA:626,162
DA:629,1
DA:630,1
DA:631,16
DA:633,1
DA:634,12
DA:637,1
DA:638,1
DA:639,16
DA:641,1
DA:642,162
DA:648,1
DA:649,1
DA:650,1
DA:651,1
DA:652,1
DA:653,1
DA:654,1
DA:655,1
DA:656,1
DA:657,1
DA:658,1
DA:659,1
DA:664,2523
DA:665,2523
DA:666,2523
DA:668,2523
DA:669,2523
DA:670,2523
DA:671,2523
DA:673,2523
DA:674,161472
DA:676,2523
DA:677,2523
DA:679,2523
DA:680,557
DA:682,1966
DA:683,1966
DA:684,1966
DA:687,2523
DA:688,2523
DA:690,2523
DA:691,540
DA:692,540
DA:694,1983
DA:696,1983
DA:697,39374
DA:698,39374
DA:699,39374
DA:700,39374
DA:701,40
DA:702,40
DA:703,40
DA:705,40
DA:707,39374
DA:708,39374
DA:709,39374
DA:710,39374
DA:712,1983
DA:713,1905
DA:715,1983
LF:362
LH:356
BRDA:205,0,0,1624
BRDA:205,0,1,52200
BRDA:209,1,0,1624
BRDA:209,1,1,52200
BRDA:239,2,0,1
BRDA:239,2,1,0
BRDA:253,3,0,0
BRDA:253,3,1,1
BRDA:253,4,0,1
BRDA:253,4,1,1
BRDA:258,5,0,0
BRDA:258,5,1,1
BRDA:282,6,0,0
BRDA:282,6,1,64
BRDA:284,7,0,0
BRDA:284,7,1,64
BRDA:301,8,0,0
BRDA:301,8,1,64
BRDA:303,9,0,0
BRDA:303,9,1,64
BRDA:391,10,0,152858
BRDA:391,10,1,122454
BRDA:396,11,0,34414
BRDA:396,11,1,240898
BRDA:397,12,0,412
BRDA:397,12,1,34002
BRDA:550,13,0,46190
BRDA:550,13,1,115282
BRDA:679,14,0,557
BRDA:679,14,1,1966
BRDA:688,15,0,87656
BRDA:688,15,1,87116
BRDA:690,16,0,540
BRDA:690,16,1,1983
BRDA:698,17,0,73816
BRDA:698,17,1,34442
BRDA:700,18,0,40
BRDA:700,18,1,39334
BRDA:712,19,0,1905
BRDA:712,19,1,78
BRF:40
BRH:33
end_of_record
TN:
SF:D:\Workarea\tangle-frost\iota-qr-render\src\images\pngEncoder.ts
FN:49,(anonymous_1)
FN:52,(anonymous_2)
FN:203,(anonymous_3)
FN:217,(anonymous_4)
FN:424,(anonymous_5)
FN:449,(anonymous_6)
FN:510,(anonymous_7)
FN:523,(anonymous_8)
FN:529,(anonymous_9)
FN:536,(anonymous_10)
FN:541,(anonymous_11)
FN:620,(anonymous_12)
FN:624,(anonymous_13)
FN:633,(anonymous_14)
FN:649,(anonymous_15)
FN:735,(anonymous_16)
FN:763,(anonymous_17)
FN:785,(anonymous_18)
FN:843,(anonymous_19)
FN:848,(anonymous_20)
FN:875,(anonymous_21)
FN:879,(anonymous_22)
FN:887,(anonymous_23)
FN:890,(anonymous_24)
FN:894,(anonymous_25)
FNF:25
FNH:11
FNDA:1,(anonymous_1)
FNDA:1,(anonymous_2)
FNDA:1,(anonymous_3)
FNDA:1,(anonymous_4)
FNDA:1,(anonymous_5)
FNDA:225,(anonymous_6)
FNDA:0,(anonymous_7)
FNDA:6,(anonymous_8)
FNDA:14,(anonymous_9)
FNDA:0,(anonymous_10)
FNDA:0,(anonymous_11)
FNDA:6,(anonymous_12)
FNDA:6,(anonymous_13)
FNDA:6,(anonymous_14)
FNDA:0,(anonymous_15)
FNDA:0,(anonymous_16)
FNDA:0,(anonymous_17)
FNDA:0,(anonymous_18)
FNDA:0,(anonymous_19)
FNDA:0,(anonymous_20)
FNDA:0,(anonymous_21)
FNDA:0,(anonymous_22)
FNDA:0,(anonymous_23)
FNDA:0,(anonymous_24)
FNDA:0,(anonymous_25)
DA:1,1
DA:45,1
DA:53,1
DA:54,1
DA:55,1
DA:56,1
DA:57,1
DA:58,1
DA:59,8
DA:61,1
DA:63,1
DA:65,1
DA:66,1
DA:67,1
DA:68,1
DA:69,1
DA:70,1
DA:71,1
DA:72,1
DA:73,1
DA:74,1
DA:75,1
DA:76,1
DA:77,1
DA:78,1
DA:79,1
DA:80,1
DA:81,1
DA:82,1
DA:83,1
DA:84,1
DA:87,1
DA:88,1
DA:89,1
DA:90,1
DA:91,1
DA:92,1
DA:93,1
DA:94,1
DA:96,1
DA:97,1
DA:98,0
DA:99,0
DA:100,0
DA:101,0
DA:102,0
DA:103,0
DA:104,0
DA:105,0
DA:106,0
DA:107,0
DA:110,1
DA:111,1
DA:112,1
DA:113,1
DA:114,1
DA:115,1
DA:116,1
DA:117,3
DA:118,3
DA:119,3
DA:120,3
DA:121,3
DA:122,3
DA:123,3
DA:124,3
DA:126,1
DA:127,1
DA:128,1
DA:130,1
DA:131,1
DA:132,1
DA:133,1
DA:134,1
DA:135,1
DA:136,3
DA:138,1
DA:139,1
DA:140,1
DA:144,1
DA:145,1
DA:146,1
DA:147,1
DA:148,0
DA:149,0
DA:150,0
DA:151,0
DA:152,0
DA:153,0
DA:154,0
DA:155,0
DA:156,0
DA:157,0
DA:158,0
DA:159,0
DA:160,0
DA:161,0
DA:162,0
DA:163,0
DA:164,0
DA:165,0
DA:166,0
DA:167,0
DA:168,0
DA:169,0
DA:170,0
DA:171,0
DA:174,1
DA:175,1
DA:176,1
DA:177,1
DA:178,1
DA:179,1
DA:180,1
DA:181,1
DA:182,0
DA:183,0
DA:185,1
DA:186,558
DA:188,1
DA:189,1
DA:190,1
DA:193,1
DA:194,1
DA:195,1
DA:196,1
DA:197,1
DA:198,1
DA:200,1
DA:204,1
DA:205,1
DA:206,1
DA:207,1
DA:208,1
DA:209,1
DA:210,1
DA:211,1
DA:212,1
DA:214,1
DA:218,1
DA:219,1
DA:220,1
DA:221,1
DA:222,1
DA:223,1
DA:225,1
DA:226,1
DA:227,1
DA:228,1
DA:229,50625
DA:232,1
DA:234,1
DA:235,1
DA:236,1
DA:237,1
DA:238,1
DA:239,1
DA:240,0
DA:244,1
DA:245,0
DA:246,0
DA:247,0
DA:248,0
DA:249,0
DA:250,0
DA:251,0
DA:256,1
DA:257,1
DA:258,1
DA:259,1
DA:260,50625
DA:261,50625
DA:262,2
DA:263,2
DA:264,2
DA:265,0
DA:272,1
DA:273,1
DA:274,1
DA:275,1
DA:276,0
DA:277,1
DA:278,1
DA:279,0
DA:280,0
DA:282,0
DA:284,1
DA:285,0
DA:287,1
DA:290,1
DA:291,1
DA:292,1
DA:293,1
DA:295,1
DA:296,1
DA:297,1
DA:298,1
DA:299,1
DA:300,1
DA:301,0
DA:302,0
DA:303,0
DA:304,0
DA:305,0
DA:306,0
DA:307,0
DA:308,0
DA:309,0
DA:310,0
DA:311,0
DA:312,0
DA:313,0
DA:314,0
DA:315,0
DA:317,0
DA:318,0
DA:320,0
DA:321,0
DA:323,0
DA:324,0
DA:329,0
DA:330,0
DA:331,0
DA:332,0
DA:333,0
DA:334,0
DA:335,0
DA:336,0
DA:337,0
DA:339,0
DA:340,0
DA:341,0
DA:342,0
DA:347,0
DA:348,0
DA:349,0
DA:352,0
DA:353,0
DA:354,0
DA:355,0
DA:356,0
DA:358,0
DA:359,0
DA:361,0
DA:362,0
DA:364,1
DA:365,1
DA:366,1
DA:367,1
DA:368,1
DA:369,225
DA:370,225
DA:371,225
DA:372,0
DA:373,0
DA:375,225
DA:376,0
DA:377,0
DA:379,225
DA:380,225
DA:381,50625
DA:383,0
DA:384,0
DA:385,0
DA:389,1
DA:390,1
DA:391,1
DA:392,0
DA:393,0
DA:394,0
DA:395,0
DA:396,0
DA:397,0
DA:398,0
DA:399,0
DA:400,0
DA:402,0
DA:403,0
DA:404,0
DA:405,0
DA:407,1
DA:421,1
DA:425,1
DA:426,1
DA:427,1
DA:428,0
DA:430,1
DA:431,225
DA:433,1
DA:434,1
DA:435,1
DA:439,1
DA:440,1
DA:441,1
DA:442,1
DA:443,1
DA:446,1
DA:450,225
DA:451,225
DA:452,225
DA:454,225
DA:455,225
DA:456,12825
DA:458,0
DA:459,0
DA:460,0
DA:462,0
DA:463,0
DA:465,0
DA:466,0
DA:467,0
DA:470,0
DA:471,0
DA:472,0
DA:475,0
DA:476,0
DA:477,0
DA:480,0
DA:481,0
DA:482,0
DA:486,0
DA:487,0
DA:488,0
DA:491,0
DA:492,0
DA:493,0
DA:495,0
DA:496,0
DA:499,0
DA:500,0
DA:501,0
DA:503,0
DA:504,0
DA:511,0
DA:512,0
DA:513,0
DA:514,0
DA:515,0
DA:516,0
DA:517,0
DA:518,0
DA:520,0
DA:524,6
DA:525,24
DA:530,14
DA:531,14
DA:532,14
DA:533,14
DA:537,0
DA:538,0
DA:542,0
DA:543,0
DA:544,0
DA:545,0
DA:546,0
DA:547,0
DA:548,0
DA:549,0
DA:550,0
DA:552,0
DA:553,0
DA:556,0
DA:557,0
DA:558,0
DA:559,0
DA:560,0
DA:561,0
DA:562,0
DA:563,0
DA:564,0
DA:565,0
DA:566,0
DA:567,0
DA:568,0
DA:569,0
DA:571,0
DA:572,0
DA:573,0
DA:574,0
DA:575,0
DA:576,0
DA:577,0
DA:578,0
DA:579,0
DA:580,0
DA:581,0
DA:582,0
DA:583,0
DA:584,0
DA:585,0
DA:586,0
DA:587,0
DA:588,0
DA:589,0
DA:590,0
DA:591,0
DA:593,0
DA:594,0
DA:595,0
DA:596,0
DA:598,0
DA:599,0
DA:600,0
DA:601,0
DA:602,0
DA:603,0
DA:604,0
DA:605,0
DA:606,0
DA:607,0
DA:608,0
DA:611,0
DA:612,0
DA:617,0
DA:621,6
DA:625,6
DA:626,6
DA:627,6
DA:628,608
DA:630,6
DA:634,6
DA:635,6
DA:636,1536
DA:637,1536
DA:638,12288
DA:639,6144
DA:641,6144
DA:644,1536
DA:646,6
DA:650,0
DA:651,0
DA:652,0
DA:653,0
DA:654,0
DA:657,0
DA:658,0
DA:659,0
DA:660,0
DA:661,0
DA:662,0
DA:663,0
DA:664,0
DA:666,0
DA:669,0
DA:678,0
DA:679,0
DA:680,0
DA:682,0
DA:683,0
DA:684,0
DA:685,0
DA:686,0
DA:687,0
DA:690,0
DA:691,0
DA:693,0
DA:695,0
DA:697,0
DA:706,0
DA:707,0
DA:708,0
DA:717,0
DA:722,0
DA:723,0
DA:725,0
DA:726,0
DA:728,0
DA:730,0
DA:731,0
DA:732,0
DA:733,0
DA:735,0
DA:737,0
DA:738,0
DA:739,0
DA:740,0
DA:741,0
DA:743,0
DA:744,0
DA:745,0
DA:746,0
DA:747,0
DA:751,0
DA:752,0
DA:753,0
DA:756,0
DA:758,0
DA:760,0
DA:764,0
DA:765,0
DA:766,0
DA:767,0
DA:768,0
DA:769,0
DA:770,0
DA:771,0
DA:773,0
DA:775,0
DA:776,0
DA:777,0
DA:778,0
DA:780,0
DA:782,0
DA:794,0
DA:795,0
DA:796,0
DA:798,0
DA:799,0
DA:800,0
DA:801,0
DA:802,0
DA:803,0
DA:810,0
DA:811,0
DA:812,0
DA:813,0
DA:815,0
DA:816,0
DA:817,0
DA:818,0
DA:819,0
DA:820,0
DA:821,0
DA:823,0
DA:827,0
DA:828,0
DA:830,0
DA:832,0
DA:844,0
DA:845,0
DA:849,0
DA:850,0
DA:851,0
DA:852,0
DA:853,0
DA:855,0
DA:856,0
DA:858,0
DA:859,0
DA:862,0
DA:863,0
DA:864,0
DA:866,0
DA:867,0
DA:869,0
DA:870,0
DA:872,0
DA:876,0
DA:880,0
DA:888,0
DA:891,0
DA:895,0
DA:896,0
DA:897,0
DA:898,0
DA:899,0
DA:900,0
DA:901,0
DA:903,0
DA:904,0
DA:905,0
DA:906,0
DA:907,0
DA:909,0
LF:564
LH:207
BRDA:97,0,0,0
BRDA:97,0,1,1
BRDA:110,1,0,1
BRDA:110,1,1,0
BRDA:130,2,0,1
BRDA:130,2,1,0
BRDA:147,3,0,0
BRDA:147,3,1,1
BRDA:176,4,0,1
BRDA:176,4,1,0
BRDA:179,5,0,1
BRDA:179,5,1,0
BRDA:181,6,0,0
BRDA:181,6,1,1
BRDA:236,7,0,1
BRDA:236,7,1,0
BRDA:239,8,0,0
BRDA:239,8,1,1
BRDA:244,9,0,0
BRDA:244,9,1,1
BRDA:249,10,0,0
BRDA:249,10,1,0
BRDA:261,11,0,2
BRDA:261,11,1,50623
BRDA:261,12,0,50625
BRDA:261,12,1,50400
BRDA:261,12,2,4470
BRDA:261,12,3,664
BRDA:264,13,0,0
BRDA:264,13,1,2
BRDA:272,14,0,0
BRDA:272,14,1,1
BRDA:274,15,0,1
BRDA:274,15,1,0
BRDA:274,16,0,1
BRDA:274,16,1,1
BRDA:275,17,0,0
BRDA:275,17,1,1
BRDA:277,18,0,1
BRDA:277,18,1,0
BRDA:279,19,0,0
BRDA:279,19,1,0
BRDA:284,20,0,0
BRDA:284,20,1,1
BRDA:300,21,0,0
BRDA:300,21,1,1
BRDA:300,22,0,1
BRDA:300,22,1,0
BRDA:301,23,0,0
BRDA:301,23,1,0
BRDA:301,24,0,0
BRDA:301,24,1,0
BRDA:301,24,2,0
BRDA:313,25,0,0
BRDA:313,25,1,0
BRDA:314,26,0,0
BRDA:314,26,1,0
BRDA:317,27,0,0
BRDA:317,27,1,0
BRDA:320,28,0,0
BRDA:320,28,1,0
BRDA:323,29,0,0
BRDA:323,29,1,0
BRDA:329,30,0,0
BRDA:329,30,1,0
BRDA:330,31,0,0
BRDA:330,31,1,0
BRDA:333,32,0,0
BRDA:333,32,1,0
BRDA:348,33,0,0
BRDA:348,33,1,0
BRDA:354,34,0,0
BRDA:354,34,1,0
BRDA:365,35,0,1
BRDA:365,35,1,0
BRDA:365,36,0,1
BRDA:365,36,1,1
BRDA:371,37,0,0
BRDA:371,37,1,225
BRDA:375,38,0,0
BRDA:375,38,1,225
BRDA:379,39,0,225
BRDA:379,39,1,0
BRDA:383,40,0,0
BRDA:383,40,1,0
BRDA:392,41,0,0
BRDA:392,41,1,0
BRDA:392,42,0,0
BRDA:392,42,1,0
BRDA:418,43,0,0
BRDA:418,43,1,1
BRDA:427,44,0,0
BRDA:427,44,1,1
BRDA:427,45,0,1
BRDA:427,45,1,0
BRDA:427,45,2,0
BRDA:427,45,3,0
BRDA:434,46,0,1
BRDA:434,46,1,0
BRDA:441,47,0,1
BRDA:441,47,1,0
BRDA:454,48,0,225
BRDA:454,48,1,0
BRDA:458,49,0,0
BRDA:458,49,1,0
BRDA:465,50,0,0
BRDA:465,50,1,0
BRDA:470,51,0,0
BRDA:470,51,1,0
BRDA:475,52,0,0
BRDA:475,52,1,0
BRDA:480,53,0,0
BRDA:480,53,1,0
BRDA:486,54,0,0
BRDA:486,54,1,0
BRDA:491,55,0,0
BRDA:491,55,1,0
BRDA:499,56,0,0
BRDA:499,56,1,0
BRDA:515,57,0,0
BRDA:515,57,1,0
BRDA:515,58,0,0
BRDA:515,58,1,0
BRDA:517,59,0,0
BRDA:517,59,1,0
BRDA:548,60,0,0
BRDA:548,60,1,0
BRDA:548,61,0,0
BRDA:548,61,1,0
BRDA:556,62,0,0
BRDA:556,62,1,0
BRDA:561,63,0,0
BRDA:561,63,1,0
BRDA:573,64,0,0
BRDA:573,64,1,0
BRDA:578,65,0,0
BRDA:578,65,1,0
BRDA:587,66,0,0
BRDA:587,66,1,0
BRDA:587,67,0,0
BRDA:587,67,1,0
BRDA:587,67,2,0
BRDA:587,67,3,0
BRDA:598,68,0,0
BRDA:598,68,1,0
BRDA:607,69,0,0
BRDA:607,69,1,0
BRDA:607,70,0,0
BRDA:607,70,1,0
BRDA:607,70,2,0
BRDA:607,70,3,0
BRDA:611,71,0,0
BRDA:611,71,1,0
BRDA:611,72,0,0
BRDA:611,72,1,0
BRDA:638,73,0,6144
BRDA:638,73,1,6144
BRDA:686,74,0,0
BRDA:686,74,1,0
BRDA:690,75,0,0
BRDA:690,75,1,0
BRDA:753,76,0,0
BRDA:753,76,1,0
BRDA:802,77,0,0
BRDA:802,77,1,0
BRDA:815,78,0,0
BRDA:815,78,1,0
BRDA:820,79,0,0
BRDA:820,79,1,0
BRDA:830,80,0,0
BRDA:830,80,1,0
BRDA:858,81,0,0
BRDA:858,81,1,0
BRDA:900,82,0,0
BRDA:900,82,1,0
BRDA:901,83,0,0
BRDA:901,83,1,0
BRF:177
BRH:40
end_of_record
TN:
SF:D:\Workarea\tangle-frost\iota-qr-render\src\models\IQRRenderer.ts
FNF:0
FNH:0
LF:0
LH:0
BRF:0
BRH:0
end_of_record
TN:
SF:D:\Workarea\tangle-frost\iota-qr-render\src\renderTypes\jpegRenderer.ts
FN:21,(anonymous_0)
FN:35,(anonymous_1)
FN:103,(anonymous_2)
FNF:3
FNH:2
FNDA:2,(anonymous_0)
FNDA:1,(anonymous_1)
FNDA:0,(anonymous_2)
DA:1,1
DA:2,1
DA:3,1
DA:5,1
DA:6,1
DA:13,1
DA:22,2
DA:23,2
DA:24,2
DA:25,2
DA:36,1
DA:37,0
DA:40,1
DA:41,0
DA:44,1
DA:45,0
DA:48,1
DA:50,1
DA:51,1
DA:52,50625
DA:53,50625
DA:54,50625
DA:55,50625
DA:58,1
DA:59,1
DA:60,41
DA:61,41
DA:63,41
DA:64,410
DA:65,410
DA:66,410
DA:67,410
DA:70,41
DA:71,1681
DA:72,1681
DA:73,8405
DA:74,8405
DA:75,8405
DA:76,8405
DA:80,41
DA:81,410
DA:82,410
DA:83,410
DA:84,410
DA:87,41
DA:88,205
DA:89,205
DA:93,1
DA:104,0
DA:106,0
DA:107,0
DA:108,0
DA:110,0
LF:53
LH:45
BRDA:22,0,0,2
BRDA:22,0,1,1
BRDA:23,1,0,2
BRDA:23,1,1,1
BRDA:24,2,0,2
BRDA:24,2,1,1
BRDA:25,3,0,2
BRDA:25,3,1,2
BRDA:35,4,0,1
BRDA:35,5,0,1
BRDA:36,6,0,0
BRDA:36,6,1,1
BRDA:40,7,0,0
BRDA:40,7,1,1
BRDA:40,8,0,1
BRDA:40,8,1,1
BRDA:44,9,0,0
BRDA:44,9,1,1
BRDA:44,10,0,1
BRDA:44,10,1,1
BRDA:71,11,0,807
BRDA:71,11,1,874
BRDA:103,12,0,0
BRDA:103,13,0,0
BRF:24
BRH:19
end_of_record
TN:
SF:D:\Workarea\tangle-frost\iota-qr-render\src\renderTypes\pngRenderer.ts
FN:21,(anonymous_0)
FN:35,(anonymous_1)
FN:103,(anonymous_2)
FNF:3
FNH:2
FNDA:2,(anonymous_0)
FNDA:1,(anonymous_1)
FNDA:0,(anonymous_2)
DA:1,1
DA:2,1
DA:3,1
DA:5,1
DA:6,1
DA:13,1
DA:22,2
DA:23,2
DA:24,2
DA:25,2
DA:36,1
DA:37,0
DA:40,1
DA:41,0
DA:44,1
DA:45,0
DA:48,1
DA:50,1
DA:51,1
DA:52,50625
DA:53,50625
DA:54,50625
DA:55,50625
DA:58,1
DA:59,1
DA:60,41
DA:61,41
DA:63,41
DA:64,410
DA:65,410
DA:66,410
DA:67,410
DA:70,41
DA:71,1681
DA:72,1681
DA:73,8405
DA:74,8405
DA:75,8405
DA:76,8405
DA:80,41
DA:81,410
DA:82,410
DA:83,410
DA:84,410
DA:87,41
DA:88,205
DA:89,205
DA:93,1
DA:104,0
DA:106,0
DA:107,0
DA:108,0
DA:110,0
LF:53
LH:45
BRDA:22,0,0,2
BRDA:22,0,1,1
BRDA:23,1,0,2
BRDA:23,1,1,1
BRDA:24,2,0,2
BRDA:24,2,1,1
BRDA:25,3,0,2
BRDA:25,3,1,2
BRDA:35,4,0,1
BRDA:35,5,0,1
BRDA:36,6,0,0
BRDA:36,6,1,1
BRDA:40,7,0,0
BRDA:40,7,1,1
BRDA:40,8,0,1
BRDA:40,8,1,1
BRDA:44,9,0,0
BRDA:44,9,1,1
BRDA:44,10,0,1
BRDA:44,10,1,1
BRDA:71,11,0,807
BRDA:71,11,1,874
BRDA:103,12,0,0
BRDA:103,13,0,0
BRF:24
BRH:19
end_of_record
TN:
SF:D:\Workarea\tangle-frost\iota-qr-render\src\renderTypes\svgRenderer.ts
FN:20,(anonymous_0)
FN:34,(anonymous_1)
FN:69,(anonymous_2)
FNF:3
FNH:2
FNDA:2,(anonymous_0)
FNDA:1,(anonymous_1)
FNDA:0,(anonymous_2)
DA:1,1
DA:2,1
DA:3,1
DA:5,1
DA:12,1
DA:21,2
DA:22,2
DA:23,2
DA:24,2
DA:35,1
DA:36,0
DA:39,1
DA:40,0
DA:43,1
DA:44,0
DA:47,1
DA:49,1
DA:50,1
DA:51,1
DA:52,41
DA:53,1681
DA:54,807
DA:58,1
DA:59,1
DA:70,0
DA:72,0
DA:73,0
DA:74,0
DA:76,0
LF:29
LH:21
BRDA:21,0,0,2
BRDA:21,0,1,1
BRDA:22,1,0,2
BRDA:22,1,1,1
BRDA:23,2,0,2
BRDA:23,2,1,1
BRDA:24,3,0,2
BRDA:24,3,1,2
BRDA:34,4,0,1
BRDA:34,5,0,1
BRDA:35,6,0,0
BRDA:35,6,1,1
BRDA:39,7,0,0
BRDA:39,7,1,1
BRDA:39,8,0,1
BRDA:39,8,1,1
BRDA:43,9,0,0
BRDA:43,9,1,1
BRDA:43,10,0,1
BRDA:43,10,1,1
BRDA:53,11,0,807
BRDA:53,11,1,874
BRDA:69,12,0,0
BRDA:69,13,0,0
BRF:24
BRH:19
end_of_record
TN:
SF:D:\Workarea\tangle-frost\iota-qr-render\src\renderTypes\textRenderer.ts
FN:18,(anonymous_0)
FN:32,(anonymous_1)
FN:78,(anonymous_2)
FNF:3
FNH:2
FNDA:2,(anonymous_0)
FNDA:1,(anonymous_1)
FNDA:0,(anonymous_2)
DA:1,1
DA:2,1
DA:10,1
DA:19,2
DA:20,2
DA:21,2
DA:22,2
DA:33,1
DA:34,0
DA:37,1
DA:38,0
DA:41,1
DA:42,0
DA:45,1
DA:46,1
DA:47,2
DA:49,1
DA:50,41
DA:51,41
DA:52,1681
DA:53,807
DA:55,874
DA:58,41
DA:59,41
DA:61,41
DA:62,41
DA:65,1
DA:66,2
DA:68,1
DA:79,0
DA:81,0
DA:82,0
DA:84,0
DA:85,0
LF:34
LH:26
BRDA:19,0,0,2
BRDA:19,0,1,2
BRDA:20,1,0,2
BRDA:20,1,1,2
BRDA:21,2,0,2
BRDA:21,2,1,2
BRDA:22,3,0,2
BRDA:22,3,1,2
BRDA:32,4,0,1
BRDA:32,5,0,1
BRDA:33,6,0,0
BRDA:33,6,1,1
BRDA:37,7,0,0
BRDA:37,7,1,1
BRDA:37,8,0,1
BRDA:37,8,1,1
BRDA:41,9,0,0
BRDA:41,9,1,1
BRDA:41,10,0,1
BRDA:41,10,1,1
BRDA:52,11,0,807
BRDA:52,11,1,874
BRDA:78,12,0,0
BRDA:78,13,0,0
BRF:24
BRH:19
end_of_record
